2025-04-04 10:34:29.473822 - Received CBT.V508.FILE490.PDS from FILE490.XMI 
2025-04-04 10:34:29.475365 - Found $$$#DATE.txt (text/plain) in CBT.V508.FILE490.PDS, moved to PDS/$$$#DATE
2025-04-04 10:34:29.475534 - Found $$NOTE.txt (text/plain) in CBT.V508.FILE490.PDS, moved to PDS/$$NOTE
2025-04-04 10:34:29.475677 - Found $$NOTE1.txt (text/plain) in CBT.V508.FILE490.PDS, moved to PDS/$$NOTE1
2025-04-04 10:34:29.475807 - Found $$NOTE2.eml (message/rfc822) in CBT.V508.FILE490.PDS, moved to PDS/$$NOTE2
2025-04-04 10:34:29.475931 - Found $$README.txt (text/plain) in CBT.V508.FILE490.PDS, moved to PDS/$$README
2025-04-04 10:34:29.476061 - Found @FILE490.txt (text/plain) in CBT.V508.FILE490.PDS, moved to PDS/@FILE490
2025-04-04 10:34:29.476218 - Found INSTBALI.txt (text/plain) in CBT.V508.FILE490.PDS, moved to PDS/INSTBALI
2025-04-04 10:34:29.476343 - Found INSTBALO.txt (text/plain) in CBT.V508.FILE490.PDS, moved to PDS/INSTBALO
2025-04-04 10:34:29.476481 - Found INSTCNVX.txt (text/plain) in CBT.V508.FILE490.PDS, moved to PDS/INSTCNVX
2025-04-04 10:34:29.476605 - Found INSTDOC.txt (text/plain) in CBT.V508.FILE490.PDS, moved to PDS/INSTDOC
2025-04-04 10:34:29.477050 - Found INSTDTID.txt (text/plain) in CBT.V508.FILE490.PDS, moved to PDS/INSTDTID
2025-04-04 10:34:29.477247 - Found INSTGET.txt (text/plain) in CBT.V508.FILE490.PDS, moved to PDS/INSTGET
2025-04-04 10:34:29.477395 - Found INSTIVP.txt (text/plain) in CBT.V508.FILE490.PDS, moved to PDS/INSTIVP
2025-04-04 10:34:29.477534 - Found INSTIVP1.jcl (text/plain) in CBT.V508.FILE490.PDS, moved to PDS/INSTIVP1
2025-04-04 10:34:29.477663 - Found INSTLEN.txt (text/plain) in CBT.V508.FILE490.PDS, moved to PDS/INSTLEN
2025-04-04 10:34:29.477807 - Found INSTLXSV.jcl (text/plain) in CBT.V508.FILE490.PDS, moved to PDS/INSTLXSV
2025-04-04 10:34:29.477936 - Found INSTNT01.jcl (text/plain) in CBT.V508.FILE490.PDS, moved to PDS/INSTNT01
2025-04-04 10:34:29.478056 - Found INSTNT02.jcl (text/plain) in CBT.V508.FILE490.PDS, moved to PDS/INSTNT02
2025-04-04 10:34:29.478182 - Found INSTNUM.txt (text/plain) in CBT.V508.FILE490.PDS, moved to PDS/INSTNUM
2025-04-04 10:34:29.482936 - Found INSTPDSL.txt (text/plain) in CBT.V508.FILE490.PDS, moved to PDS/INSTPDSL
2025-04-04 10:34:29.483096 - Found INSTPRS.txt (text/plain) in CBT.V508.FILE490.PDS, moved to PDS/INSTPRS
2025-04-04 10:34:29.483233 - Found INSTPRSE.txt (text/plain) in CBT.V508.FILE490.PDS, moved to PDS/INSTPRSE
2025-04-04 10:34:29.483360 - Found INSTREQU.txt (text/plain) in CBT.V508.FILE490.PDS, moved to PDS/INSTREQU
2025-04-04 10:34:29.483494 - Found INSTRS.txt (text/plain) in CBT.V508.FILE490.PDS, moved to PDS/INSTRS
2025-04-04 10:34:29.483626 - Found INSTSET.txt (text/plain) in CBT.V508.FILE490.PDS, moved to PDS/INSTSET
2025-04-04 10:34:29.483752 - Found INSTSS.txt (text/plain) in CBT.V508.FILE490.PDS, moved to PDS/INSTSS
2025-04-04 10:34:29.483885 - Found INSTSTR.txt (text/plain) in CBT.V508.FILE490.PDS, moved to PDS/INSTSTR
2025-04-04 10:34:29.484000 - Found INSTSTRC.txt (text/plain) in CBT.V508.FILE490.PDS, moved to PDS/INSTSTRC
2025-04-04 10:34:29.484128 - Found INSTSTRD.txt (text/plain) in CBT.V508.FILE490.PDS, moved to PDS/INSTSTRD
2025-04-04 10:34:29.484286 - Found INSTSYMB.txt (text/plain) in CBT.V508.FILE490.PDS, moved to PDS/INSTSYMB
2025-04-04 10:34:29.484410 - Found INSTTCMD.jcl (text/plain) in CBT.V508.FILE490.PDS, moved to PDS/INSTTCMD
2025-04-04 10:34:29.484548 - Found INSTUJI.txt (text/plain) in CBT.V508.FILE490.PDS, moved to PDS/INSTUJI
2025-04-04 10:34:29.484666 - Found INSTWORK.txt (text/plain) in CBT.V508.FILE490.PDS, moved to PDS/INSTWORK
2025-04-04 10:34:29.484790 - Found INSTWTL.txt (text/plain) in CBT.V508.FILE490.PDS, moved to PDS/INSTWTL
2025-04-04 10:34:29.484909 - Found INSTWTOR.txt (text/plain) in CBT.V508.FILE490.PDS, moved to PDS/INSTWTOR
